ERROR:root:scrap
ERROR:root:after start_driver
ERROR:root:after get url
ERROR:root:waiting for complete
ERROR:root:complete
ERROR:root:before waiting
2023-03-17 14:26:05,929 - twitter_scraper_selenium.driver_utils - ERROR - Tweets did not appear!, Try setting headless=False to see what is happening
Traceback (most recent call last):
  File "/Users/jianjunchen/repo/ats-1/external/twitter-scraper-selenium/twitter_scraper_selenium/driver_utils.py", line 37, in wait_until_tweets_appear
    (By.CSS_SELECTOR, '[data-testid="tweet"]')))
  File "/Users/jianjunchen/opt/anaconda3/lib/python3.7/site-packages/selenium/webdriver/support/wait.py", line 87, in until
    raise TimeoutException(message, screen, stacktrace)
selenium.common.exceptions.TimeoutException: Message: 
Stacktrace:
0   chromedriver                        0x0000000106113428 chromedriver + 4899880
1   chromedriver                        0x0000000106090a23 chromedriver + 4364835
2   chromedriver                        0x0000000105cdabf6 chromedriver + 474102
3   chromedriver                        0x0000000105d1e4f0 chromedriver + 750832
4   chromedriver                        0x0000000105d1e751 chromedriver + 751441
5   chromedriver                        0x0000000105d62834 chromedriver + 1030196
6   chromedriver                        0x0000000105d4458d chromedriver + 906637
7   chromedriver                        0x0000000105d5fb5b chromedriver + 1018715
8   chromedriver                        0x0000000105d44333 chromedriver + 906035
9   chromedriver                        0x0000000105d0e55f chromedriver + 685407
10  chromedriver                        0x0000000105d0fa7e chromedriver + 690814
11  chromedriver                        0x00000001060e079e chromedriver + 4691870
12  chromedriver                        0x00000001060e5961 chromedriver + 4712801
13  chromedriver                        0x00000001060ec2ff chromedriver + 4739839
14  chromedriver                        0x00000001060e685a chromedriver + 4716634
15  chromedriver                        0x00000001060b8fce chromedriver + 4530126
16  chromedriver                        0x00000001061065c8 chromedriver + 4847048
17  chromedriver                        0x0000000106106747 chromedriver + 4847431
18  chromedriver                        0x000000010611b87f chromedriver + 4933759
19  libsystem_pthread.dylib             0x00007ff8013e9259 _pthread_start + 125
20  libsystem_pthread.dylib             0x00007ff8013e4c7b thread_start + 15

ERROR:twitter_scraper_selenium.driver_utils:Tweets did not appear!, Try setting headless=False to see what is happening
Traceback (most recent call last):
  File "/Users/jianjunchen/repo/ats-1/external/twitter-scraper-selenium/twitter_scraper_selenium/driver_utils.py", line 37, in wait_until_tweets_appear
    (By.CSS_SELECTOR, '[data-testid="tweet"]')))
  File "/Users/jianjunchen/opt/anaconda3/lib/python3.7/site-packages/selenium/webdriver/support/wait.py", line 87, in until
    raise TimeoutException(message, screen, stacktrace)
selenium.common.exceptions.TimeoutException: Message: 
Stacktrace:
0   chromedriver                        0x0000000106113428 chromedriver + 4899880
1   chromedriver                        0x0000000106090a23 chromedriver + 4364835
2   chromedriver                        0x0000000105cdabf6 chromedriver + 474102
3   chromedriver                        0x0000000105d1e4f0 chromedriver + 750832
4   chromedriver                        0x0000000105d1e751 chromedriver + 751441
5   chromedriver                        0x0000000105d62834 chromedriver + 1030196
6   chromedriver                        0x0000000105d4458d chromedriver + 906637
7   chromedriver                        0x0000000105d5fb5b chromedriver + 1018715
8   chromedriver                        0x0000000105d44333 chromedriver + 906035
9   chromedriver                        0x0000000105d0e55f chromedriver + 685407
10  chromedriver                        0x0000000105d0fa7e chromedriver + 690814
11  chromedriver                        0x00000001060e079e chromedriver + 4691870
12  chromedriver                        0x00000001060e5961 chromedriver + 4712801
13  chromedriver                        0x00000001060ec2ff chromedriver + 4739839
14  chromedriver                        0x00000001060e685a chromedriver + 4716634
15  chromedriver                        0x00000001060b8fce chromedriver + 4530126
16  chromedriver                        0x00000001061065c8 chromedriver + 4847048
17  chromedriver                        0x0000000106106747 chromedriver + 4847431
18  chromedriver                        0x000000010611b87f chromedriver + 4933759
19  libsystem_pthread.dylib             0x00007ff8013e9259 _pthread_start + 125
20  libsystem_pthread.dylib             0x00007ff8013e4c7b thread_start + 15

ERROR:root:tweet appear
ERROR:root:tweets:{len(self.posts_data))}
ERROR:root:search body
ERROR:root:found body
ERROR:root:before scroll down
ERROR:root:waiting for complete
ERROR:root:complete
ERROR:root:after scroll down
ERROR:root:before waiting
2023-03-17 14:26:49,541 - twitter_scraper_selenium.driver_utils - ERROR - Tweets did not appear!, Try setting headless=False to see what is happening
Traceback (most recent call last):
  File "/Users/jianjunchen/repo/ats-1/external/twitter-scraper-selenium/twitter_scraper_selenium/driver_utils.py", line 37, in wait_until_tweets_appear
    (By.CSS_SELECTOR, '[data-testid="tweet"]')))
  File "/Users/jianjunchen/opt/anaconda3/lib/python3.7/site-packages/selenium/webdriver/support/wait.py", line 87, in until
    raise TimeoutException(message, screen, stacktrace)
selenium.common.exceptions.TimeoutException: Message: 
Stacktrace:
0   chromedriver                        0x0000000106113428 chromedriver + 4899880
1   chromedriver                        0x0000000106090a23 chromedriver + 4364835
2   chromedriver                        0x0000000105cdabf6 chromedriver + 474102
3   chromedriver                        0x0000000105d1e4f0 chromedriver + 750832
4   chromedriver                        0x0000000105d1e751 chromedriver + 751441
5   chromedriver                        0x0000000105d62834 chromedriver + 1030196
6   chromedriver                        0x0000000105d4458d chromedriver + 906637
7   chromedriver                        0x0000000105d5fb5b chromedriver + 1018715
8   chromedriver                        0x0000000105d44333 chromedriver + 906035
9   chromedriver                        0x0000000105d0e55f chromedriver + 685407
10  chromedriver                        0x0000000105d0fa7e chromedriver + 690814
11  chromedriver                        0x00000001060e079e chromedriver + 4691870
12  chromedriver                        0x00000001060e5961 chromedriver + 4712801
13  chromedriver                        0x00000001060ec2ff chromedriver + 4739839
14  chromedriver                        0x00000001060e685a chromedriver + 4716634
15  chromedriver                        0x00000001060b8fce chromedriver + 4530126
16  chromedriver                        0x00000001061065c8 chromedriver + 4847048
17  chromedriver                        0x0000000106106747 chromedriver + 4847431
18  chromedriver                        0x000000010611b87f chromedriver + 4933759
19  libsystem_pthread.dylib             0x00007ff8013e9259 _pthread_start + 125
20  libsystem_pthread.dylib             0x00007ff8013e4c7b thread_start + 15

ERROR:twitter_scraper_selenium.driver_utils:Tweets did not appear!, Try setting headless=False to see what is happening
Traceback (most recent call last):
  File "/Users/jianjunchen/repo/ats-1/external/twitter-scraper-selenium/twitter_scraper_selenium/driver_utils.py", line 37, in wait_until_tweets_appear
    (By.CSS_SELECTOR, '[data-testid="tweet"]')))
  File "/Users/jianjunchen/opt/anaconda3/lib/python3.7/site-packages/selenium/webdriver/support/wait.py", line 87, in until
    raise TimeoutException(message, screen, stacktrace)
selenium.common.exceptions.TimeoutException: Message: 
Stacktrace:
0   chromedriver                        0x0000000106113428 chromedriver + 4899880
1   chromedriver                        0x0000000106090a23 chromedriver + 4364835
2   chromedriver                        0x0000000105cdabf6 chromedriver + 474102
3   chromedriver                        0x0000000105d1e4f0 chromedriver + 750832
4   chromedriver                        0x0000000105d1e751 chromedriver + 751441
5   chromedriver                        0x0000000105d62834 chromedriver + 1030196
6   chromedriver                        0x0000000105d4458d chromedriver + 906637
7   chromedriver                        0x0000000105d5fb5b chromedriver + 1018715
8   chromedriver                        0x0000000105d44333 chromedriver + 906035
9   chromedriver                        0x0000000105d0e55f chromedriver + 685407
10  chromedriver                        0x0000000105d0fa7e chromedriver + 690814
11  chromedriver                        0x00000001060e079e chromedriver + 4691870
12  chromedriver                        0x00000001060e5961 chromedriver + 4712801
13  chromedriver                        0x00000001060ec2ff chromedriver + 4739839
14  chromedriver                        0x00000001060e685a chromedriver + 4716634
15  chromedriver                        0x00000001060b8fce chromedriver + 4530126
16  chromedriver                        0x00000001061065c8 chromedriver + 4847048
17  chromedriver                        0x0000000106106747 chromedriver + 4847431
18  chromedriver                        0x000000010611b87f chromedriver + 4933759
19  libsystem_pthread.dylib             0x00007ff8013e9259 _pthread_start + 125
20  libsystem_pthread.dylib             0x00007ff8013e4c7b thread_start + 15

ERROR:root:after tweet appear
ERROR:root:check_retry:False
ERROR:root:tweets:{len(self.posts_data))}
ERROR:root:search body
ERROR:root:found body
ERROR:root:before scroll down
ERROR:root:waiting for complete
ERROR:root:complete
ERROR:root:after scroll down
ERROR:root:before waiting
2023-03-17 14:27:33,130 - twitter_scraper_selenium.driver_utils - ERROR - Tweets did not appear!, Try setting headless=False to see what is happening
Traceback (most recent call last):
  File "/Users/jianjunchen/repo/ats-1/external/twitter-scraper-selenium/twitter_scraper_selenium/driver_utils.py", line 37, in wait_until_tweets_appear
  File "/Users/jianjunchen/opt/anaconda3/lib/python3.7/site-packages/selenium/webdriver/support/wait.py", line 87, in until
    raise TimeoutException(message, screen, stacktrace)
selenium.common.exceptions.TimeoutException: Message: 
Stacktrace:
0   chromedriver                        0x0000000106113428 chromedriver + 4899880
1   chromedriver                        0x0000000106090a23 chromedriver + 4364835
2   chromedriver                        0x0000000105cdabf6 chromedriver + 474102
3   chromedriver                        0x0000000105d1e4f0 chromedriver + 750832
4   chromedriver                        0x0000000105d1e751 chromedriver + 751441
5   chromedriver                        0x0000000105d62834 chromedriver + 1030196
6   chromedriver                        0x0000000105d4458d chromedriver + 906637
7   chromedriver                        0x0000000105d5fb5b chromedriver + 1018715
8   chromedriver                        0x0000000105d44333 chromedriver + 906035
9   chromedriver                        0x0000000105d0e55f chromedriver + 685407
10  chromedriver                        0x0000000105d0fa7e chromedriver + 690814
11  chromedriver                        0x00000001060e079e chromedriver + 4691870
12  chromedriver                        0x00000001060e5961 chromedriver + 4712801
13  chromedriver                        0x00000001060ec2ff chromedriver + 4739839
14  chromedriver                        0x00000001060e685a chromedriver + 4716634
15  chromedriver                        0x00000001060b8fce chromedriver + 4530126
16  chromedriver                        0x00000001061065c8 chromedriver + 4847048
17  chromedriver                        0x0000000106106747 chromedriver + 4847431
18  chromedriver                        0x000000010611b87f chromedriver + 4933759
19  libsystem_pthread.dylib             0x00007ff8013e9259 _pthread_start + 125
20  libsystem_pthread.dylib             0x00007ff8013e4c7b thread_start + 15

ERROR:twitter_scraper_selenium.driver_utils:Tweets did not appear!, Try setting headless=False to see what is happening
Traceback (most recent call last):
  File "/Users/jianjunchen/repo/ats-1/external/twitter-scraper-selenium/twitter_scraper_selenium/driver_utils.py", line 37, in wait_until_tweets_appear
  File "/Users/jianjunchen/opt/anaconda3/lib/python3.7/site-packages/selenium/webdriver/support/wait.py", line 87, in until
    raise TimeoutException(message, screen, stacktrace)
selenium.common.exceptions.TimeoutException: Message: 
Stacktrace:
0   chromedriver                        0x0000000106113428 chromedriver + 4899880
1   chromedriver                        0x0000000106090a23 chromedriver + 4364835
2   chromedriver                        0x0000000105cdabf6 chromedriver + 474102
3   chromedriver                        0x0000000105d1e4f0 chromedriver + 750832
4   chromedriver                        0x0000000105d1e751 chromedriver + 751441
5   chromedriver                        0x0000000105d62834 chromedriver + 1030196
6   chromedriver                        0x0000000105d4458d chromedriver + 906637
7   chromedriver                        0x0000000105d5fb5b chromedriver + 1018715
8   chromedriver                        0x0000000105d44333 chromedriver + 906035
9   chromedriver                        0x0000000105d0e55f chromedriver + 685407
10  chromedriver                        0x0000000105d0fa7e chromedriver + 690814
11  chromedriver                        0x00000001060e079e chromedriver + 4691870
12  chromedriver                        0x00000001060e5961 chromedriver + 4712801
13  chromedriver                        0x00000001060ec2ff chromedriver + 4739839
14  chromedriver                        0x00000001060e685a chromedriver + 4716634
15  chromedriver                        0x00000001060b8fce chromedriver + 4530126
16  chromedriver                        0x00000001061065c8 chromedriver + 4847048
17  chromedriver                        0x0000000106106747 chromedriver + 4847431
18  chromedriver                        0x000000010611b87f chromedriver + 4933759
19  libsystem_pthread.dylib             0x00007ff8013e9259 _pthread_start + 125
20  libsystem_pthread.dylib             0x00007ff8013e4c7b thread_start + 15

ERROR:root:after tweet appear
ERROR:root:check_retry:False
ERROR:root:tweets:{len(self.posts_data))}
ERROR:root:search body
ERROR:root:found body
ERROR:root:before scroll down
ERROR:root:waiting for complete
ERROR:root:complete
ERROR:root:after scroll down
ERROR:root:before waiting
